{"C:\\Users\\Neeraj\\Desktop\\Node_Course_Mosh_Udemy\\renteos\\index.js": {"path":"C:\\Users\\Neeraj\\Desktop\\Node_Course_Mosh_Udemy\\renteos\\index.js","statementMap":{"0":{"start":{"line":1,"column":16},"end":{"line":1,"column":34}},"1":{"start":{"line":2,"column":12},"end":{"line":2,"column":21}},"2":{"start":{"line":3,"column":16},"end":{"line":3,"column":34}},"3":{"start":{"line":5,"column":0},"end":{"line":5,"column":31}},"4":{"start":{"line":6,"column":0},"end":{"line":6,"column":32}},"5":{"start":{"line":7,"column":0},"end":{"line":7,"column":26}},"6":{"start":{"line":8,"column":0},"end":{"line":8,"column":30}},"7":{"start":{"line":9,"column":0},"end":{"line":9,"column":34}},"8":{"start":{"line":11,"column":13},"end":{"line":11,"column":37}},"9":{"start":{"line":12,"column":14},"end":{"line":12,"column":81}},"10":{"start":{"line":12,"column":35},"end":{"line":12,"column":80}},"11":{"start":{"line":13,"column":0},"end":{"line":13,"column":24}}},"fnMap":{"0":{"name":"(anonymous_0)","decl":{"start":{"line":12,"column":30},"end":{"line":12,"column":31}},"loc":{"start":{"line":12,"column":35},"end":{"line":12,"column":80}},"line":12}},"branchMap":{"0":{"loc":{"start":{"line":11,"column":13},"end":{"line":11,"column":37}},"type":"binary-expr","locations":[{"start":{"line":11,"column":13},"end":{"line":11,"column":29}},{"start":{"line":11,"column":33},"end":{"line":11,"column":37}}],"line":11}},"s":{"0":2,"1":2,"2":2,"3":2,"4":2,"5":2,"6":2,"7":2,"8":2,"9":2,"10":2,"11":2},"f":{"0":2},"b":{"0":[2,2]},"_coverageSchema":"1a1c01bbd47fc00a2c39e90264f33305004495a9","hash":"71ab7271a95334d70c00db2409bb2d78bce04091"}
,"C:\\Users\\Neeraj\\Desktop\\Node_Course_Mosh_Udemy\\renteos\\middleware\\admin.js": {"path":"C:\\Users\\Neeraj\\Desktop\\Node_Course_Mosh_Udemy\\renteos\\middleware\\admin.js","statementMap":{"0":{"start":{"line":1,"column":15},"end":{"line":1,"column":32}},"1":{"start":{"line":2,"column":12},"end":{"line":2,"column":35}},"2":{"start":{"line":4,"column":0},"end":{"line":7,"column":1}},"3":{"start":{"line":5,"column":4},"end":{"line":5,"column":84}},"4":{"start":{"line":5,"column":26},"end":{"line":5,"column":84}},"5":{"start":{"line":6,"column":4},"end":{"line":6,"column":11}}},"fnMap":{"0":{"name":"admin","decl":{"start":{"line":4,"column":25},"end":{"line":4,"column":30}},"loc":{"start":{"line":4,"column":46},"end":{"line":7,"column":1}},"line":4}},"branchMap":{"0":{"loc":{"start":{"line":5,"column":4},"end":{"line":5,"column":84}},"type":"if","locations":[{"start":{"line":5,"column":4},"end":{"line":5,"column":84}},{"start":{},"end":{}}],"line":5}},"s":{"0":2,"1":2,"2":2,"3":0,"4":0,"5":0},"f":{"0":0},"b":{"0":[0,0]},"_coverageSchema":"1a1c01bbd47fc00a2c39e90264f33305004495a9","hash":"faf91511330f30d2ce3e29459bb97a6b86427bc9"}
,"C:\\Users\\Neeraj\\Desktop\\Node_Course_Mosh_Udemy\\renteos\\middleware\\auth.js": {"path":"C:\\Users\\Neeraj\\Desktop\\Node_Course_Mosh_Udemy\\renteos\\middleware\\auth.js","statementMap":{"0":{"start":{"line":1,"column":15},"end":{"line":1,"column":32}},"1":{"start":{"line":2,"column":12},"end":{"line":2,"column":35}},"2":{"start":{"line":4,"column":0},"end":{"line":17,"column":1}},"3":{"start":{"line":5,"column":18},"end":{"line":5,"column":44}},"4":{"start":{"line":6,"column":4},"end":{"line":6,"column":79}},"5":{"start":{"line":6,"column":15},"end":{"line":6,"column":79}},"6":{"start":{"line":8,"column":4},"end":{"line":15,"column":5}},"7":{"start":{"line":9,"column":30},"end":{"line":9,"column":76}},"8":{"start":{"line":10,"column":8},"end":{"line":10,"column":34}},"9":{"start":{"line":11,"column":8},"end":{"line":11,"column":15}},"10":{"start":{"line":14,"column":8},"end":{"line":14,"column":46}}},"fnMap":{"0":{"name":"auth","decl":{"start":{"line":4,"column":25},"end":{"line":4,"column":29}},"loc":{"start":{"line":4,"column":45},"end":{"line":17,"column":1}},"line":4}},"branchMap":{"0":{"loc":{"start":{"line":6,"column":4},"end":{"line":6,"column":79}},"type":"if","locations":[{"start":{"line":6,"column":4},"end":{"line":6,"column":79}},{"start":{},"end":{}}],"line":6}},"s":{"0":3,"1":3,"2":3,"3":8,"4":8,"5":2,"6":6,"7":6,"8":5,"9":5,"10":1},"f":{"0":8},"b":{"0":[2,6]},"_coverageSchema":"1a1c01bbd47fc00a2c39e90264f33305004495a9","hash":"310ee73af4461e073c955ba12c5b7d4439edae4e"}
,"C:\\Users\\Neeraj\\Desktop\\Node_Course_Mosh_Udemy\\renteos\\middleware\\error.js": {"path":"C:\\Users\\Neeraj\\Desktop\\Node_Course_Mosh_Udemy\\renteos\\middleware\\error.js","statementMap":{"0":{"start":{"line":1,"column":16},"end":{"line":1,"column":34}},"1":{"start":{"line":4,"column":0},"end":{"line":8,"column":1}},"2":{"start":{"line":6,"column":4},"end":{"line":6,"column":35}},"3":{"start":{"line":7,"column":4},"end":{"line":7,"column":45}}},"fnMap":{"0":{"name":"(anonymous_0)","decl":{"start":{"line":4,"column":17},"end":{"line":4,"column":18}},"loc":{"start":{"line":4,"column":46},"end":{"line":8,"column":1}},"line":4}},"branchMap":{},"s":{"0":2,"1":2,"2":0,"3":0},"f":{"0":0},"b":{},"_coverageSchema":"1a1c01bbd47fc00a2c39e90264f33305004495a9","hash":"b2f5ef940b04120e8f7b7d3bb083565e2b380fea"}
,"C:\\Users\\Neeraj\\Desktop\\Node_Course_Mosh_Udemy\\renteos\\middleware\\validateObjectId.js": {"path":"C:\\Users\\Neeraj\\Desktop\\Node_Course_Mosh_Udemy\\renteos\\middleware\\validateObjectId.js","statementMap":{"0":{"start":{"line":1,"column":17},"end":{"line":1,"column":36}},"1":{"start":{"line":2,"column":0},"end":{"line":7,"column":1}},"2":{"start":{"line":3,"column":4},"end":{"line":4,"column":55}},"3":{"start":{"line":4,"column":6},"end":{"line":4,"column":55}},"4":{"start":{"line":6,"column":4},"end":{"line":6,"column":11}}},"fnMap":{"0":{"name":"(anonymous_0)","decl":{"start":{"line":2,"column":17},"end":{"line":2,"column":18}},"loc":{"start":{"line":2,"column":42},"end":{"line":7,"column":1}},"line":2}},"branchMap":{"0":{"loc":{"start":{"line":3,"column":4},"end":{"line":4,"column":55}},"type":"if","locations":[{"start":{"line":3,"column":4},"end":{"line":4,"column":55}},{"start":{},"end":{}}],"line":3}},"s":{"0":2,"1":2,"2":2,"3":1,"4":1},"f":{"0":2},"b":{"0":[1,1]},"_coverageSchema":"1a1c01bbd47fc00a2c39e90264f33305004495a9","hash":"53577d91896acce6984b75fb6564682dbde9c361"}
,"C:\\Users\\Neeraj\\Desktop\\Node_Course_Mosh_Udemy\\renteos\\models\\customer.js": {"path":"C:\\Users\\Neeraj\\Desktop\\Node_Course_Mosh_Udemy\\renteos\\models\\customer.js","statementMap":{"0":{"start":{"line":1,"column":12},"end":{"line":1,"column":26}},"1":{"start":{"line":2,"column":17},"end":{"line":2,"column":36}},"2":{"start":{"line":4,"column":17},"end":{"line":18,"column":3}},"3":{"start":{"line":21,"column":19},"end":{"line":25,"column":6}},"4":{"start":{"line":26,"column":29},"end":{"line":26,"column":54}},"5":{"start":{"line":27,"column":4},"end":{"line":27,"column":28}},"6":{"start":{"line":30,"column":0},"end":{"line":30,"column":28}},"7":{"start":{"line":31,"column":0},"end":{"line":31,"column":36}}},"fnMap":{"0":{"name":"validateCustomer","decl":{"start":{"line":20,"column":9},"end":{"line":20,"column":25}},"loc":{"start":{"line":20,"column":36},"end":{"line":29,"column":1}},"line":20}},"branchMap":{},"s":{"0":2,"1":2,"2":2,"3":0,"4":0,"5":0,"6":2,"7":2},"f":{"0":0},"b":{},"_coverageSchema":"1a1c01bbd47fc00a2c39e90264f33305004495a9","hash":"1cea8be38f4eab295c1fd3b80b81b9d3cc0aba98"}
,"C:\\Users\\Neeraj\\Desktop\\Node_Course_Mosh_Udemy\\renteos\\models\\genre.js": {"path":"C:\\Users\\Neeraj\\Desktop\\Node_Course_Mosh_Udemy\\renteos\\models\\genre.js","statementMap":{"0":{"start":{"line":1,"column":12},"end":{"line":1,"column":26}},"1":{"start":{"line":2,"column":17},"end":{"line":2,"column":36}},"2":{"start":{"line":4,"column":20},"end":{"line":11,"column":2}},"3":{"start":{"line":13,"column":14},"end":{"line":13,"column":51}},"4":{"start":{"line":16,"column":19},"end":{"line":18,"column":6}},"5":{"start":{"line":19,"column":29},"end":{"line":19,"column":51}},"6":{"start":{"line":20,"column":4},"end":{"line":20,"column":28}},"7":{"start":{"line":23,"column":0},"end":{"line":23,"column":34}},"8":{"start":{"line":24,"column":0},"end":{"line":24,"column":22}},"9":{"start":{"line":25,"column":0},"end":{"line":25,"column":33}}},"fnMap":{"0":{"name":"validateGenre","decl":{"start":{"line":15,"column":9},"end":{"line":15,"column":22}},"loc":{"start":{"line":15,"column":30},"end":{"line":22,"column":1}},"line":15}},"branchMap":{},"s":{"0":2,"1":2,"2":2,"3":2,"4":4,"5":4,"6":4,"7":2,"8":2,"9":2},"f":{"0":4},"b":{},"_coverageSchema":"1a1c01bbd47fc00a2c39e90264f33305004495a9","hash":"9f61deb1ac9d816eb311ee0d9b71df83f871f678"}
,"C:\\Users\\Neeraj\\Desktop\\Node_Course_Mosh_Udemy\\renteos\\models\\movie.js": {"path":"C:\\Users\\Neeraj\\Desktop\\Node_Course_Mosh_Udemy\\renteos\\models\\movie.js","statementMap":{"0":{"start":{"line":1,"column":12},"end":{"line":1,"column":26}},"1":{"start":{"line":2,"column":17},"end":{"line":2,"column":36}},"2":{"start":{"line":3,"column":22},"end":{"line":3,"column":40}},"3":{"start":{"line":5,"column":14},"end":{"line":29,"column":3}},"4":{"start":{"line":32,"column":17},"end":{"line":37,"column":4}},"5":{"start":{"line":38,"column":27},"end":{"line":38,"column":49}},"6":{"start":{"line":39,"column":2},"end":{"line":39,"column":26}},"7":{"start":{"line":42,"column":0},"end":{"line":42,"column":22}},"8":{"start":{"line":43,"column":0},"end":{"line":43,"column":33}}},"fnMap":{"0":{"name":"validateMovie","decl":{"start":{"line":31,"column":9},"end":{"line":31,"column":22}},"loc":{"start":{"line":31,"column":30},"end":{"line":41,"column":1}},"line":31}},"branchMap":{},"s":{"0":2,"1":2,"2":2,"3":2,"4":0,"5":0,"6":0,"7":2,"8":2},"f":{"0":0},"b":{},"_coverageSchema":"1a1c01bbd47fc00a2c39e90264f33305004495a9","hash":"96eba7e601efd3a7b8997cfa6e3fcbcfb9a83336"}
,"C:\\Users\\Neeraj\\Desktop\\Node_Course_Mosh_Udemy\\renteos\\models\\rental.js": {"path":"C:\\Users\\Neeraj\\Desktop\\Node_Course_Mosh_Udemy\\renteos\\models\\rental.js","statementMap":{"0":{"start":{"line":1,"column":12},"end":{"line":1,"column":26}},"1":{"start":{"line":2,"column":17},"end":{"line":2,"column":36}},"2":{"start":{"line":4,"column":15},"end":{"line":56,"column":3}},"3":{"start":{"line":59,"column":19},"end":{"line":62,"column":6}},"4":{"start":{"line":63,"column":29},"end":{"line":63,"column":52}},"5":{"start":{"line":64,"column":4},"end":{"line":64,"column":28}},"6":{"start":{"line":67,"column":0},"end":{"line":67,"column":24}},"7":{"start":{"line":68,"column":0},"end":{"line":68,"column":34}}},"fnMap":{"0":{"name":"validateRental","decl":{"start":{"line":58,"column":9},"end":{"line":58,"column":23}},"loc":{"start":{"line":58,"column":32},"end":{"line":66,"column":3}},"line":58}},"branchMap":{},"s":{"0":2,"1":2,"2":2,"3":0,"4":0,"5":0,"6":2,"7":2},"f":{"0":0},"b":{},"_coverageSchema":"1a1c01bbd47fc00a2c39e90264f33305004495a9","hash":"347c598d17db4ee93a7bb0b38113629a12b1df61"}
,"C:\\Users\\Neeraj\\Desktop\\Node_Course_Mosh_Udemy\\renteos\\models\\user.js": {"path":"C:\\Users\\Neeraj\\Desktop\\Node_Course_Mosh_Udemy\\renteos\\models\\user.js","statementMap":{"0":{"start":{"line":1,"column":15},"end":{"line":1,"column":32}},"1":{"start":{"line":2,"column":12},"end":{"line":2,"column":35}},"2":{"start":{"line":3,"column":12},"end":{"line":3,"column":26}},"3":{"start":{"line":4,"column":17},"end":{"line":4,"column":36}},"4":{"start":{"line":6,"column":19},"end":{"line":27,"column":2}},"5":{"start":{"line":29,"column":0},"end":{"line":32,"column":1}},"6":{"start":{"line":30,"column":18},"end":{"line":30,"column":98}},"7":{"start":{"line":31,"column":4},"end":{"line":31,"column":17}},"8":{"start":{"line":33,"column":13},"end":{"line":33,"column":48}},"9":{"start":{"line":36,"column":19},"end":{"line":40,"column":6}},"10":{"start":{"line":41,"column":29},"end":{"line":41,"column":50}},"11":{"start":{"line":42,"column":4},"end":{"line":42,"column":28}},"12":{"start":{"line":46,"column":0},"end":{"line":46,"column":20}},"13":{"start":{"line":47,"column":0},"end":{"line":47,"column":32}}},"fnMap":{"0":{"name":"(anonymous_0)","decl":{"start":{"line":29,"column":39},"end":{"line":29,"column":40}},"loc":{"start":{"line":29,"column":49},"end":{"line":32,"column":1}},"line":29},"1":{"name":"validateUser","decl":{"start":{"line":35,"column":9},"end":{"line":35,"column":21}},"loc":{"start":{"line":35,"column":28},"end":{"line":44,"column":1}},"line":35}},"branchMap":{},"s":{"0":4,"1":4,"2":4,"3":4,"4":4,"5":4,"6":9,"7":9,"8":4,"9":0,"10":0,"11":0,"12":4,"13":4},"f":{"0":9,"1":0},"b":{},"_coverageSchema":"1a1c01bbd47fc00a2c39e90264f33305004495a9","hash":"e6ad79ab5fe79b8acf4e3c69c4714fb20b65a78a"}
,"C:\\Users\\Neeraj\\Desktop\\Node_Course_Mosh_Udemy\\renteos\\routes\\auth.js": {"path":"C:\\Users\\Neeraj\\Desktop\\Node_Course_Mosh_Udemy\\renteos\\routes\\auth.js","statementMap":{"0":{"start":{"line":1,"column":12},"end":{"line":1,"column":26}},"1":{"start":{"line":2,"column":15},"end":{"line":2,"column":32}},"2":{"start":{"line":3,"column":15},"end":{"line":3,"column":40}},"3":{"start":{"line":4,"column":16},"end":{"line":4,"column":34}},"4":{"start":{"line":5,"column":15},"end":{"line":5,"column":31}},"5":{"start":{"line":7,"column":0},"end":{"line":22,"column":3}},"6":{"start":{"line":8,"column":22},"end":{"line":8,"column":40}},"7":{"start":{"line":9,"column":4},"end":{"line":11,"column":5}},"8":{"start":{"line":10,"column":8},"end":{"line":10,"column":62}},"9":{"start":{"line":14,"column":15},"end":{"line":14,"column":58}},"10":{"start":{"line":15,"column":4},"end":{"line":17,"column":5}},"11":{"start":{"line":16,"column":8},"end":{"line":16,"column":65}},"12":{"start":{"line":18,"column":26},"end":{"line":18,"column":80}},"13":{"start":{"line":19,"column":4},"end":{"line":19,"column":80}},"14":{"start":{"line":19,"column":23},"end":{"line":19,"column":80}},"15":{"start":{"line":20,"column":18},"end":{"line":20,"column":42}},"16":{"start":{"line":21,"column":4},"end":{"line":21,"column":20}},"17":{"start":{"line":25,"column":19},"end":{"line":28,"column":6}},"18":{"start":{"line":29,"column":29},"end":{"line":29,"column":50}},"19":{"start":{"line":30,"column":4},"end":{"line":30,"column":28}},"20":{"start":{"line":33,"column":0},"end":{"line":33,"column":24}}},"fnMap":{"0":{"name":"(anonymous_0)","decl":{"start":{"line":7,"column":17},"end":{"line":7,"column":18}},"loc":{"start":{"line":7,"column":37},"end":{"line":22,"column":1}},"line":7},"1":{"name":"validate","decl":{"start":{"line":24,"column":9},"end":{"line":24,"column":17}},"loc":{"start":{"line":24,"column":24},"end":{"line":32,"column":1}},"line":24}},"branchMap":{"0":{"loc":{"start":{"line":9,"column":4},"end":{"line":11,"column":5}},"type":"if","locations":[{"start":{"line":9,"column":4},"end":{"line":11,"column":5}},{"start":{},"end":{}}],"line":9},"1":{"loc":{"start":{"line":15,"column":4},"end":{"line":17,"column":5}},"type":"if","locations":[{"start":{"line":15,"column":4},"end":{"line":17,"column":5}},{"start":{},"end":{}}],"line":15},"2":{"loc":{"start":{"line":19,"column":4},"end":{"line":19,"column":80}},"type":"if","locations":[{"start":{"line":19,"column":4},"end":{"line":19,"column":80}},{"start":{},"end":{}}],"line":19}},"s":{"0":2,"1":2,"2":2,"3":2,"4":2,"5":2,"6":0,"7":0,"8":0,"9":0,"10":0,"11":0,"12":0,"13":0,"14":0,"15":0,"16":0,"17":0,"18":0,"19":0,"20":2},"f":{"0":0,"1":0},"b":{"0":[0,0],"1":[0,0],"2":[0,0]},"_coverageSchema":"1a1c01bbd47fc00a2c39e90264f33305004495a9","hash":"75dc6d7f015bd3add5a9893d8d6f7619e52fff8c"}
,"C:\\Users\\Neeraj\\Desktop\\Node_Course_Mosh_Udemy\\renteos\\routes\\customers.js": {"path":"C:\\Users\\Neeraj\\Desktop\\Node_Course_Mosh_Udemy\\renteos\\routes\\customers.js","statementMap":{"0":{"start":{"line":1,"column":13},"end":{"line":1,"column":42}},"1":{"start":{"line":2,"column":14},"end":{"line":2,"column":44}},"2":{"start":{"line":3,"column":16},"end":{"line":3,"column":34}},"3":{"start":{"line":4,"column":15},"end":{"line":4,"column":31}},"4":{"start":{"line":5,"column":31},"end":{"line":5,"column":60}},"5":{"start":{"line":7,"column":0},"end":{"line":10,"column":3}},"6":{"start":{"line":8,"column":22},"end":{"line":8,"column":43}},"7":{"start":{"line":9,"column":4},"end":{"line":9,"column":24}},"8":{"start":{"line":12,"column":0},"end":{"line":34,"column":3}},"9":{"start":{"line":13,"column":22},"end":{"line":13,"column":40}},"10":{"start":{"line":14,"column":4},"end":{"line":16,"column":5}},"11":{"start":{"line":15,"column":8},"end":{"line":15,"column":62}},"12":{"start":{"line":18,"column":19},"end":{"line":19,"column":53}},"13":{"start":{"line":20,"column":4},"end":{"line":22,"column":5}},"14":{"start":{"line":21,"column":8},"end":{"line":21,"column":98}},"15":{"start":{"line":24,"column":4},"end":{"line":26,"column":5}},"16":{"start":{"line":25,"column":8},"end":{"line":25,"column":29}},"17":{"start":{"line":27,"column":4},"end":{"line":31,"column":6}},"18":{"start":{"line":32,"column":4},"end":{"line":32,"column":26}},"19":{"start":{"line":33,"column":4},"end":{"line":33,"column":23}},"20":{"start":{"line":36,"column":0},"end":{"line":55,"column":3}},"21":{"start":{"line":38,"column":19},"end":{"line":38,"column":57}},"22":{"start":{"line":40,"column":4},"end":{"line":42,"column":5}},"23":{"start":{"line":41,"column":8},"end":{"line":41,"column":82}},"24":{"start":{"line":44,"column":22},"end":{"line":44,"column":40}},"25":{"start":{"line":45,"column":4},"end":{"line":47,"column":5}},"26":{"start":{"line":46,"column":8},"end":{"line":46,"column":62}},"27":{"start":{"line":49,"column":4},"end":{"line":53,"column":20}},"28":{"start":{"line":54,"column":4},"end":{"line":54,"column":23}},"29":{"start":{"line":57,"column":0},"end":{"line":67,"column":3}},"30":{"start":{"line":59,"column":19},"end":{"line":59,"column":57}},"31":{"start":{"line":60,"column":4},"end":{"line":62,"column":5}},"32":{"start":{"line":61,"column":8},"end":{"line":61,"column":82}},"33":{"start":{"line":64,"column":4},"end":{"line":64,"column":63}},"34":{"start":{"line":66,"column":4},"end":{"line":66,"column":74}},"35":{"start":{"line":69,"column":0},"end":{"line":73,"column":3}},"36":{"start":{"line":70,"column":21},"end":{"line":70,"column":59}},"37":{"start":{"line":71,"column":4},"end":{"line":71,"column":86}},"38":{"start":{"line":71,"column":19},"end":{"line":71,"column":86}},"39":{"start":{"line":72,"column":4},"end":{"line":72,"column":23}},"40":{"start":{"line":75,"column":0},"end":{"line":75,"column":24}}},"fnMap":{"0":{"name":"(anonymous_0)","decl":{"start":{"line":7,"column":16},"end":{"line":7,"column":17}},"loc":{"start":{"line":7,"column":36},"end":{"line":10,"column":1}},"line":7},"1":{"name":"(anonymous_1)","decl":{"start":{"line":12,"column":23},"end":{"line":12,"column":24}},"loc":{"start":{"line":12,"column":43},"end":{"line":34,"column":1}},"line":12},"2":{"name":"(anonymous_2)","decl":{"start":{"line":36,"column":26},"end":{"line":36,"column":27}},"loc":{"start":{"line":36,"column":46},"end":{"line":55,"column":1}},"line":36},"3":{"name":"(anonymous_3)","decl":{"start":{"line":57,"column":37},"end":{"line":57,"column":38}},"loc":{"start":{"line":57,"column":57},"end":{"line":67,"column":1}},"line":57},"4":{"name":"(anonymous_4)","decl":{"start":{"line":69,"column":19},"end":{"line":69,"column":20}},"loc":{"start":{"line":69,"column":39},"end":{"line":73,"column":1}},"line":69}},"branchMap":{"0":{"loc":{"start":{"line":14,"column":4},"end":{"line":16,"column":5}},"type":"if","locations":[{"start":{"line":14,"column":4},"end":{"line":16,"column":5}},{"start":{},"end":{}}],"line":14},"1":{"loc":{"start":{"line":20,"column":4},"end":{"line":22,"column":5}},"type":"if","locations":[{"start":{"line":20,"column":4},"end":{"line":22,"column":5}},{"start":{},"end":{}}],"line":20},"2":{"loc":{"start":{"line":24,"column":4},"end":{"line":26,"column":5}},"type":"if","locations":[{"start":{"line":24,"column":4},"end":{"line":26,"column":5}},{"start":{},"end":{}}],"line":24},"3":{"loc":{"start":{"line":40,"column":4},"end":{"line":42,"column":5}},"type":"if","locations":[{"start":{"line":40,"column":4},"end":{"line":42,"column":5}},{"start":{},"end":{}}],"line":40},"4":{"loc":{"start":{"line":45,"column":4},"end":{"line":47,"column":5}},"type":"if","locations":[{"start":{"line":45,"column":4},"end":{"line":47,"column":5}},{"start":{},"end":{}}],"line":45},"5":{"loc":{"start":{"line":60,"column":4},"end":{"line":62,"column":5}},"type":"if","locations":[{"start":{"line":60,"column":4},"end":{"line":62,"column":5}},{"start":{},"end":{}}],"line":60},"6":{"loc":{"start":{"line":71,"column":4},"end":{"line":71,"column":86}},"type":"if","locations":[{"start":{"line":71,"column":4},"end":{"line":71,"column":86}},{"start":{},"end":{}}],"line":71}},"s":{"0":2,"1":2,"2":2,"3":2,"4":2,"5":2,"6":0,"7":0,"8":2,"9":0,"10":0,"11":0,"12":0,"13":0,"14":0,"15":0,"16":0,"17":0,"18":0,"19":0,"20":2,"21":0,"22":0,"23":0,"24":0,"25":0,"26":0,"27":0,"28":0,"29":2,"30":0,"31":0,"32":0,"33":0,"34":0,"35":2,"36":0,"37":0,"38":0,"39":0,"40":2},"f":{"0":0,"1":0,"2":0,"3":0,"4":0},"b":{"0":[0,0],"1":[0,0],"2":[0,0],"3":[0,0],"4":[0,0],"5":[0,0],"6":[0,0]},"_coverageSchema":"1a1c01bbd47fc00a2c39e90264f33305004495a9","hash":"c8dd2e4a75c1ae6a3380b9ece6d633c50b1e6268"}
,"C:\\Users\\Neeraj\\Desktop\\Node_Course_Mosh_Udemy\\renteos\\routes\\genres.js": {"path":"C:\\Users\\Neeraj\\Desktop\\Node_Course_Mosh_Udemy\\renteos\\routes\\genres.js","statementMap":{"0":{"start":{"line":1,"column":25},"end":{"line":1,"column":66}},"1":{"start":{"line":2,"column":13},"end":{"line":2,"column":42}},"2":{"start":{"line":3,"column":14},"end":{"line":3,"column":44}},"3":{"start":{"line":4,"column":27},"end":{"line":4,"column":53}},"4":{"start":{"line":5,"column":16},"end":{"line":5,"column":34}},"5":{"start":{"line":6,"column":30},"end":{"line":6,"column":49}},"6":{"start":{"line":7,"column":15},"end":{"line":7,"column":31}},"7":{"start":{"line":9,"column":0},"end":{"line":12,"column":3}},"8":{"start":{"line":10,"column":19},"end":{"line":10,"column":37}},"9":{"start":{"line":11,"column":4},"end":{"line":11,"column":21}},"10":{"start":{"line":14,"column":0},"end":{"line":30,"column":3}},"11":{"start":{"line":15,"column":22},"end":{"line":15,"column":40}},"12":{"start":{"line":16,"column":4},"end":{"line":18,"column":5}},"13":{"start":{"line":17,"column":8},"end":{"line":17,"column":62}},"14":{"start":{"line":20,"column":16},"end":{"line":21,"column":53}},"15":{"start":{"line":22,"column":4},"end":{"line":24,"column":5}},"16":{"start":{"line":23,"column":8},"end":{"line":23,"column":87}},"17":{"start":{"line":25,"column":4},"end":{"line":27,"column":6}},"18":{"start":{"line":28,"column":4},"end":{"line":28,"column":23}},"19":{"start":{"line":29,"column":4},"end":{"line":29,"column":20}},"20":{"start":{"line":32,"column":0},"end":{"line":50,"column":3}},"21":{"start":{"line":35,"column":16},"end":{"line":35,"column":51}},"22":{"start":{"line":37,"column":4},"end":{"line":39,"column":5}},"23":{"start":{"line":38,"column":8},"end":{"line":38,"column":79}},"24":{"start":{"line":41,"column":22},"end":{"line":41,"column":40}},"25":{"start":{"line":42,"column":4},"end":{"line":44,"column":5}},"26":{"start":{"line":43,"column":8},"end":{"line":43,"column":62}},"27":{"start":{"line":46,"column":4},"end":{"line":48,"column":20}},"28":{"start":{"line":49,"column":4},"end":{"line":49,"column":20}},"29":{"start":{"line":52,"column":0},"end":{"line":62,"column":3}},"30":{"start":{"line":54,"column":16},"end":{"line":54,"column":51}},"31":{"start":{"line":55,"column":4},"end":{"line":57,"column":5}},"32":{"start":{"line":56,"column":8},"end":{"line":56,"column":79}},"33":{"start":{"line":59,"column":4},"end":{"line":59,"column":57}},"34":{"start":{"line":61,"column":4},"end":{"line":61,"column":68}},"35":{"start":{"line":64,"column":0},"end":{"line":68,"column":3}},"36":{"start":{"line":65,"column":18},"end":{"line":65,"column":53}},"37":{"start":{"line":66,"column":4},"end":{"line":66,"column":80}},"38":{"start":{"line":66,"column":16},"end":{"line":66,"column":80}},"39":{"start":{"line":67,"column":4},"end":{"line":67,"column":20}},"40":{"start":{"line":70,"column":0},"end":{"line":70,"column":24}}},"fnMap":{"0":{"name":"(anonymous_0)","decl":{"start":{"line":9,"column":16},"end":{"line":9,"column":17}},"loc":{"start":{"line":9,"column":36},"end":{"line":12,"column":1}},"line":9},"1":{"name":"(anonymous_1)","decl":{"start":{"line":14,"column":23},"end":{"line":14,"column":24}},"loc":{"start":{"line":14,"column":43},"end":{"line":30,"column":1}},"line":14},"2":{"name":"(anonymous_2)","decl":{"start":{"line":32,"column":25},"end":{"line":32,"column":26}},"loc":{"start":{"line":32,"column":45},"end":{"line":50,"column":1}},"line":32},"3":{"name":"(anonymous_3)","decl":{"start":{"line":52,"column":37},"end":{"line":52,"column":38}},"loc":{"start":{"line":52,"column":57},"end":{"line":62,"column":1}},"line":52},"4":{"name":"(anonymous_4)","decl":{"start":{"line":64,"column":37},"end":{"line":64,"column":38}},"loc":{"start":{"line":64,"column":57},"end":{"line":68,"column":1}},"line":64}},"branchMap":{"0":{"loc":{"start":{"line":16,"column":4},"end":{"line":18,"column":5}},"type":"if","locations":[{"start":{"line":16,"column":4},"end":{"line":18,"column":5}},{"start":{},"end":{}}],"line":16},"1":{"loc":{"start":{"line":22,"column":4},"end":{"line":24,"column":5}},"type":"if","locations":[{"start":{"line":22,"column":4},"end":{"line":24,"column":5}},{"start":{},"end":{}}],"line":22},"2":{"loc":{"start":{"line":37,"column":4},"end":{"line":39,"column":5}},"type":"if","locations":[{"start":{"line":37,"column":4},"end":{"line":39,"column":5}},{"start":{},"end":{}}],"line":37},"3":{"loc":{"start":{"line":42,"column":4},"end":{"line":44,"column":5}},"type":"if","locations":[{"start":{"line":42,"column":4},"end":{"line":44,"column":5}},{"start":{},"end":{}}],"line":42},"4":{"loc":{"start":{"line":55,"column":4},"end":{"line":57,"column":5}},"type":"if","locations":[{"start":{"line":55,"column":4},"end":{"line":57,"column":5}},{"start":{},"end":{}}],"line":55},"5":{"loc":{"start":{"line":66,"column":4},"end":{"line":66,"column":80}},"type":"if","locations":[{"start":{"line":66,"column":4},"end":{"line":66,"column":80}},{"start":{},"end":{}}],"line":66}},"s":{"0":2,"1":2,"2":2,"3":2,"4":2,"5":2,"6":2,"7":2,"8":1,"9":1,"10":2,"11":4,"12":4,"13":2,"14":2,"15":2,"16":0,"17":2,"18":2,"19":2,"20":2,"21":0,"22":0,"23":0,"24":0,"25":0,"26":0,"27":0,"28":0,"29":2,"30":0,"31":0,"32":0,"33":0,"34":0,"35":2,"36":1,"37":1,"38":0,"39":1,"40":2},"f":{"0":1,"1":4,"2":0,"3":0,"4":1},"b":{"0":[2,2],"1":[0,2],"2":[0,0],"3":[0,0],"4":[0,0],"5":[0,1]},"_coverageSchema":"1a1c01bbd47fc00a2c39e90264f33305004495a9","hash":"eabe8b895f9ed4194af82248a7a19ab820eedcc7"}
,"C:\\Users\\Neeraj\\Desktop\\Node_Course_Mosh_Udemy\\renteos\\routes\\movies.js": {"path":"C:\\Users\\Neeraj\\Desktop\\Node_Course_Mosh_Udemy\\renteos\\routes\\movies.js","statementMap":{"0":{"start":{"line":1,"column":13},"end":{"line":1,"column":42}},"1":{"start":{"line":2,"column":14},"end":{"line":2,"column":44}},"2":{"start":{"line":3,"column":26},"end":{"line":3,"column":52}},"3":{"start":{"line":4,"column":16},"end":{"line":4,"column":42}},"4":{"start":{"line":5,"column":17},"end":{"line":5,"column":36}},"5":{"start":{"line":6,"column":16},"end":{"line":6,"column":34}},"6":{"start":{"line":7,"column":15},"end":{"line":7,"column":31}},"7":{"start":{"line":9,"column":0},"end":{"line":12,"column":3}},"8":{"start":{"line":10,"column":17},"end":{"line":10,"column":48}},"9":{"start":{"line":11,"column":2},"end":{"line":11,"column":19}},"10":{"start":{"line":14,"column":0},"end":{"line":33,"column":3}},"11":{"start":{"line":15,"column":20},"end":{"line":15,"column":38}},"12":{"start":{"line":16,"column":2},"end":{"line":16,"column":67}},"13":{"start":{"line":16,"column":13},"end":{"line":16,"column":67}},"14":{"start":{"line":18,"column":16},"end":{"line":18,"column":54}},"15":{"start":{"line":19,"column":2},"end":{"line":19,"column":60}},"16":{"start":{"line":19,"column":14},"end":{"line":19,"column":60}},"17":{"start":{"line":21,"column":16},"end":{"line":29,"column":4}},"18":{"start":{"line":30,"column":2},"end":{"line":30,"column":21}},"19":{"start":{"line":32,"column":2},"end":{"line":32,"column":18}},"20":{"start":{"line":35,"column":0},"end":{"line":56,"column":3}},"21":{"start":{"line":36,"column":20},"end":{"line":36,"column":38}},"22":{"start":{"line":37,"column":2},"end":{"line":37,"column":67}},"23":{"start":{"line":37,"column":13},"end":{"line":37,"column":67}},"24":{"start":{"line":39,"column":16},"end":{"line":39,"column":54}},"25":{"start":{"line":40,"column":2},"end":{"line":40,"column":60}},"26":{"start":{"line":40,"column":14},"end":{"line":40,"column":60}},"27":{"start":{"line":42,"column":16},"end":{"line":51,"column":21}},"28":{"start":{"line":53,"column":2},"end":{"line":53,"column":88}},"29":{"start":{"line":53,"column":14},"end":{"line":53,"column":88}},"30":{"start":{"line":55,"column":2},"end":{"line":55,"column":18}},"31":{"start":{"line":58,"column":0},"end":{"line":64,"column":3}},"32":{"start":{"line":59,"column":16},"end":{"line":59,"column":60}},"33":{"start":{"line":61,"column":2},"end":{"line":61,"column":88}},"34":{"start":{"line":61,"column":14},"end":{"line":61,"column":88}},"35":{"start":{"line":63,"column":2},"end":{"line":63,"column":18}},"36":{"start":{"line":66,"column":0},"end":{"line":72,"column":3}},"37":{"start":{"line":67,"column":16},"end":{"line":67,"column":51}},"38":{"start":{"line":69,"column":2},"end":{"line":69,"column":88}},"39":{"start":{"line":69,"column":14},"end":{"line":69,"column":88}},"40":{"start":{"line":71,"column":2},"end":{"line":71,"column":18}},"41":{"start":{"line":74,"column":0},"end":{"line":74,"column":24}}},"fnMap":{"0":{"name":"(anonymous_0)","decl":{"start":{"line":9,"column":16},"end":{"line":9,"column":17}},"loc":{"start":{"line":9,"column":36},"end":{"line":12,"column":1}},"line":9},"1":{"name":"(anonymous_1)","decl":{"start":{"line":14,"column":23},"end":{"line":14,"column":24}},"loc":{"start":{"line":14,"column":43},"end":{"line":33,"column":1}},"line":14},"2":{"name":"(anonymous_2)","decl":{"start":{"line":35,"column":25},"end":{"line":35,"column":26}},"loc":{"start":{"line":35,"column":45},"end":{"line":56,"column":1}},"line":35},"3":{"name":"(anonymous_3)","decl":{"start":{"line":58,"column":37},"end":{"line":58,"column":38}},"loc":{"start":{"line":58,"column":57},"end":{"line":64,"column":1}},"line":58},"4":{"name":"(anonymous_4)","decl":{"start":{"line":66,"column":19},"end":{"line":66,"column":20}},"loc":{"start":{"line":66,"column":39},"end":{"line":72,"column":1}},"line":66}},"branchMap":{"0":{"loc":{"start":{"line":16,"column":2},"end":{"line":16,"column":67}},"type":"if","locations":[{"start":{"line":16,"column":2},"end":{"line":16,"column":67}},{"start":{},"end":{}}],"line":16},"1":{"loc":{"start":{"line":19,"column":2},"end":{"line":19,"column":60}},"type":"if","locations":[{"start":{"line":19,"column":2},"end":{"line":19,"column":60}},{"start":{},"end":{}}],"line":19},"2":{"loc":{"start":{"line":37,"column":2},"end":{"line":37,"column":67}},"type":"if","locations":[{"start":{"line":37,"column":2},"end":{"line":37,"column":67}},{"start":{},"end":{}}],"line":37},"3":{"loc":{"start":{"line":40,"column":2},"end":{"line":40,"column":60}},"type":"if","locations":[{"start":{"line":40,"column":2},"end":{"line":40,"column":60}},{"start":{},"end":{}}],"line":40},"4":{"loc":{"start":{"line":53,"column":2},"end":{"line":53,"column":88}},"type":"if","locations":[{"start":{"line":53,"column":2},"end":{"line":53,"column":88}},{"start":{},"end":{}}],"line":53},"5":{"loc":{"start":{"line":61,"column":2},"end":{"line":61,"column":88}},"type":"if","locations":[{"start":{"line":61,"column":2},"end":{"line":61,"column":88}},{"start":{},"end":{}}],"line":61},"6":{"loc":{"start":{"line":69,"column":2},"end":{"line":69,"column":88}},"type":"if","locations":[{"start":{"line":69,"column":2},"end":{"line":69,"column":88}},{"start":{},"end":{}}],"line":69}},"s":{"0":2,"1":2,"2":2,"3":2,"4":2,"5":2,"6":2,"7":2,"8":0,"9":0,"10":2,"11":0,"12":0,"13":0,"14":0,"15":0,"16":0,"17":0,"18":0,"19":0,"20":2,"21":0,"22":0,"23":0,"24":0,"25":0,"26":0,"27":0,"28":0,"29":0,"30":0,"31":2,"32":0,"33":0,"34":0,"35":0,"36":2,"37":0,"38":0,"39":0,"40":0,"41":2},"f":{"0":0,"1":0,"2":0,"3":0,"4":0},"b":{"0":[0,0],"1":[0,0],"2":[0,0],"3":[0,0],"4":[0,0],"5":[0,0],"6":[0,0]},"_coverageSchema":"1a1c01bbd47fc00a2c39e90264f33305004495a9","hash":"c3c3bdaedd10fa91903b355dce2c88d22bc3e803"}
,"C:\\Users\\Neeraj\\Desktop\\Node_Course_Mosh_Udemy\\renteos\\routes\\rentals.js": {"path":"C:\\Users\\Neeraj\\Desktop\\Node_Course_Mosh_Udemy\\renteos\\routes\\rentals.js","statementMap":{"0":{"start":{"line":1,"column":13},"end":{"line":1,"column":42}},"1":{"start":{"line":2,"column":27},"end":{"line":2,"column":54}},"2":{"start":{"line":3,"column":16},"end":{"line":3,"column":42}},"3":{"start":{"line":4,"column":19},"end":{"line":4,"column":48}},"4":{"start":{"line":6,"column":13},"end":{"line":6,"column":28}},"5":{"start":{"line":7,"column":16},"end":{"line":7,"column":34}},"6":{"start":{"line":8,"column":15},"end":{"line":8,"column":31}},"7":{"start":{"line":10,"column":0},"end":{"line":10,"column":41}},"8":{"start":{"line":12,"column":0},"end":{"line":15,"column":3}},"9":{"start":{"line":13,"column":18},"end":{"line":13,"column":54}},"10":{"start":{"line":14,"column":2},"end":{"line":14,"column":20}},"11":{"start":{"line":17,"column":0},"end":{"line":58,"column":3}},"12":{"start":{"line":18,"column":20},"end":{"line":18,"column":38}},"13":{"start":{"line":19,"column":2},"end":{"line":19,"column":67}},"14":{"start":{"line":19,"column":13},"end":{"line":19,"column":67}},"15":{"start":{"line":21,"column":19},"end":{"line":21,"column":63}},"16":{"start":{"line":22,"column":2},"end":{"line":22,"column":66}},"17":{"start":{"line":22,"column":17},"end":{"line":22,"column":66}},"18":{"start":{"line":24,"column":16},"end":{"line":24,"column":54}},"19":{"start":{"line":25,"column":2},"end":{"line":25,"column":60}},"20":{"start":{"line":25,"column":14},"end":{"line":25,"column":60}},"21":{"start":{"line":27,"column":2},"end":{"line":27,"column":84}},"22":{"start":{"line":27,"column":33},"end":{"line":27,"column":84}},"23":{"start":{"line":29,"column":17},"end":{"line":40,"column":4}},"24":{"start":{"line":42,"column":2},"end":{"line":56,"column":3}},"25":{"start":{"line":43,"column":4},"end":{"line":50,"column":13}},"26":{"start":{"line":52,"column":4},"end":{"line":52,"column":21}},"27":{"start":{"line":55,"column":4},"end":{"line":55,"column":62}},"28":{"start":{"line":60,"column":0},"end":{"line":66,"column":3}},"29":{"start":{"line":61,"column":17},"end":{"line":61,"column":53}},"30":{"start":{"line":63,"column":2},"end":{"line":63,"column":90}},"31":{"start":{"line":63,"column":15},"end":{"line":63,"column":90}},"32":{"start":{"line":65,"column":2},"end":{"line":65,"column":19}},"33":{"start":{"line":68,"column":0},"end":{"line":68,"column":24}}},"fnMap":{"0":{"name":"(anonymous_0)","decl":{"start":{"line":12,"column":16},"end":{"line":12,"column":17}},"loc":{"start":{"line":12,"column":36},"end":{"line":15,"column":1}},"line":12},"1":{"name":"(anonymous_1)","decl":{"start":{"line":17,"column":23},"end":{"line":17,"column":24}},"loc":{"start":{"line":17,"column":43},"end":{"line":58,"column":1}},"line":17},"2":{"name":"(anonymous_2)","decl":{"start":{"line":60,"column":19},"end":{"line":60,"column":20}},"loc":{"start":{"line":60,"column":39},"end":{"line":66,"column":1}},"line":60}},"branchMap":{"0":{"loc":{"start":{"line":19,"column":2},"end":{"line":19,"column":67}},"type":"if","locations":[{"start":{"line":19,"column":2},"end":{"line":19,"column":67}},{"start":{},"end":{}}],"line":19},"1":{"loc":{"start":{"line":22,"column":2},"end":{"line":22,"column":66}},"type":"if","locations":[{"start":{"line":22,"column":2},"end":{"line":22,"column":66}},{"start":{},"end":{}}],"line":22},"2":{"loc":{"start":{"line":25,"column":2},"end":{"line":25,"column":60}},"type":"if","locations":[{"start":{"line":25,"column":2},"end":{"line":25,"column":60}},{"start":{},"end":{}}],"line":25},"3":{"loc":{"start":{"line":27,"column":2},"end":{"line":27,"column":84}},"type":"if","locations":[{"start":{"line":27,"column":2},"end":{"line":27,"column":84}},{"start":{},"end":{}}],"line":27},"4":{"loc":{"start":{"line":63,"column":2},"end":{"line":63,"column":90}},"type":"if","locations":[{"start":{"line":63,"column":2},"end":{"line":63,"column":90}},{"start":{},"end":{}}],"line":63}},"s":{"0":2,"1":2,"2":2,"3":2,"4":2,"5":2,"6":2,"7":2,"8":2,"9":0,"10":0,"11":2,"12":0,"13":0,"14":0,"15":0,"16":0,"17":0,"18":0,"19":0,"20":0,"21":0,"22":0,"23":0,"24":0,"25":0,"26":0,"27":0,"28":2,"29":0,"30":0,"31":0,"32":0,"33":2},"f":{"0":0,"1":0,"2":0},"b":{"0":[0,0],"1":[0,0],"2":[0,0],"3":[0,0],"4":[0,0]},"_coverageSchema":"1a1c01bbd47fc00a2c39e90264f33305004495a9","hash":"57ebb85967321c02f2dd17d8a70d4fc2ee8e0b53"}
,"C:\\Users\\Neeraj\\Desktop\\Node_Course_Mosh_Udemy\\renteos\\routes\\users.js": {"path":"C:\\Users\\Neeraj\\Desktop\\Node_Course_Mosh_Udemy\\renteos\\routes\\users.js","statementMap":{"0":{"start":{"line":1,"column":13},"end":{"line":1,"column":42}},"1":{"start":{"line":2,"column":15},"end":{"line":2,"column":32}},"2":{"start":{"line":3,"column":10},"end":{"line":3,"column":27}},"3":{"start":{"line":4,"column":26},"end":{"line":4,"column":51}},"4":{"start":{"line":5,"column":16},"end":{"line":5,"column":34}},"5":{"start":{"line":6,"column":15},"end":{"line":6,"column":31}},"6":{"start":{"line":8,"column":0},"end":{"line":25,"column":3}},"7":{"start":{"line":9,"column":22},"end":{"line":9,"column":40}},"8":{"start":{"line":10,"column":4},"end":{"line":12,"column":5}},"9":{"start":{"line":11,"column":8},"end":{"line":11,"column":62}},"10":{"start":{"line":14,"column":15},"end":{"line":14,"column":58}},"11":{"start":{"line":15,"column":4},"end":{"line":17,"column":5}},"12":{"start":{"line":16,"column":8},"end":{"line":16,"column":92}},"13":{"start":{"line":18,"column":4},"end":{"line":18,"column":68}},"14":{"start":{"line":19,"column":17},"end":{"line":19,"column":41}},"15":{"start":{"line":20,"column":4},"end":{"line":20,"column":58}},"16":{"start":{"line":21,"column":4},"end":{"line":21,"column":22}},"17":{"start":{"line":23,"column":18},"end":{"line":23,"column":42}},"18":{"start":{"line":24,"column":4},"end":{"line":24,"column":74}},"19":{"start":{"line":27,"column":0},"end":{"line":27,"column":24}}},"fnMap":{"0":{"name":"(anonymous_0)","decl":{"start":{"line":8,"column":23},"end":{"line":8,"column":24}},"loc":{"start":{"line":8,"column":43},"end":{"line":25,"column":1}},"line":8}},"branchMap":{"0":{"loc":{"start":{"line":10,"column":4},"end":{"line":12,"column":5}},"type":"if","locations":[{"start":{"line":10,"column":4},"end":{"line":12,"column":5}},{"start":{},"end":{}}],"line":10},"1":{"loc":{"start":{"line":15,"column":4},"end":{"line":17,"column":5}},"type":"if","locations":[{"start":{"line":15,"column":4},"end":{"line":17,"column":5}},{"start":{},"end":{}}],"line":15}},"s":{"0":2,"1":2,"2":2,"3":2,"4":2,"5":2,"6":2,"7":0,"8":0,"9":0,"10":0,"11":0,"12":0,"13":0,"14":0,"15":0,"16":0,"17":0,"18":0,"19":2},"f":{"0":0},"b":{"0":[0,0],"1":[0,0]},"_coverageSchema":"1a1c01bbd47fc00a2c39e90264f33305004495a9","hash":"e0cde1a816945edb6774a9be97de7f3587ec4591"}
,"C:\\Users\\Neeraj\\Desktop\\Node_Course_Mosh_Udemy\\renteos\\startup\\config.js": {"path":"C:\\Users\\Neeraj\\Desktop\\Node_Course_Mosh_Udemy\\renteos\\startup\\config.js","statementMap":{"0":{"start":{"line":1,"column":15},"end":{"line":1,"column":32}},"1":{"start":{"line":2,"column":0},"end":{"line":6,"column":1}},"2":{"start":{"line":3,"column":4},"end":{"line":5,"column":5}},"3":{"start":{"line":4,"column":8},"end":{"line":4,"column":68}}},"fnMap":{"0":{"name":"(anonymous_0)","decl":{"start":{"line":2,"column":17},"end":{"line":2,"column":18}},"loc":{"start":{"line":2,"column":27},"end":{"line":6,"column":1}},"line":2}},"branchMap":{"0":{"loc":{"start":{"line":3,"column":4},"end":{"line":5,"column":5}},"type":"if","locations":[{"start":{"line":3,"column":4},"end":{"line":5,"column":5}},{"start":{},"end":{}}],"line":3}},"s":{"0":2,"1":2,"2":2,"3":0},"f":{"0":2},"b":{"0":[0,2]},"_coverageSchema":"1a1c01bbd47fc00a2c39e90264f33305004495a9","hash":"8fcb5f690b2848fe4c44f15ef00a305075d0816f"}
,"C:\\Users\\Neeraj\\Desktop\\Node_Course_Mosh_Udemy\\renteos\\startup\\db.js": {"path":"C:\\Users\\Neeraj\\Desktop\\Node_Course_Mosh_Udemy\\renteos\\startup\\db.js","statementMap":{"0":{"start":{"line":1,"column":16},"end":{"line":1,"column":34}},"1":{"start":{"line":2,"column":17},"end":{"line":2,"column":36}},"2":{"start":{"line":3,"column":15},"end":{"line":3,"column":32}},"3":{"start":{"line":4,"column":0},"end":{"line":8,"column":1}},"4":{"start":{"line":5,"column":15},"end":{"line":5,"column":31}},"5":{"start":{"line":6,"column":4},"end":{"line":7,"column":59}},"6":{"start":{"line":7,"column":20},"end":{"line":7,"column":57}}},"fnMap":{"0":{"name":"(anonymous_0)","decl":{"start":{"line":4,"column":17},"end":{"line":4,"column":18}},"loc":{"start":{"line":4,"column":27},"end":{"line":8,"column":1}},"line":4},"1":{"name":"(anonymous_1)","decl":{"start":{"line":7,"column":14},"end":{"line":7,"column":15}},"loc":{"start":{"line":7,"column":20},"end":{"line":7,"column":57}},"line":7}},"branchMap":{},"s":{"0":2,"1":2,"2":2,"3":2,"4":2,"5":2,"6":2},"f":{"0":2,"1":2},"b":{},"_coverageSchema":"1a1c01bbd47fc00a2c39e90264f33305004495a9","hash":"2100b38d1ed71f27c08a3b40dab3836b94d31355"}
,"C:\\Users\\Neeraj\\Desktop\\Node_Course_Mosh_Udemy\\renteos\\startup\\logging.js": {"path":"C:\\Users\\Neeraj\\Desktop\\Node_Course_Mosh_Udemy\\renteos\\startup\\logging.js","statementMap":{"0":{"start":{"line":1,"column":0},"end":{"line":1,"column":32}},"1":{"start":{"line":2,"column":16},"end":{"line":2,"column":34}},"2":{"start":{"line":4,"column":0},"end":{"line":20,"column":1}},"3":{"start":{"line":5,"column":4},"end":{"line":5,"column":70}},"4":{"start":{"line":11,"column":4},"end":{"line":14,"column":6}},"5":{"start":{"line":16,"column":4},"end":{"line":19,"column":6}},"6":{"start":{"line":18,"column":8},"end":{"line":18,"column":17}}},"fnMap":{"0":{"name":"(anonymous_0)","decl":{"start":{"line":4,"column":17},"end":{"line":4,"column":18}},"loc":{"start":{"line":4,"column":27},"end":{"line":20,"column":1}},"line":4},"1":{"name":"(anonymous_1)","decl":{"start":{"line":16,"column":37},"end":{"line":16,"column":38}},"loc":{"start":{"line":16,"column":45},"end":{"line":19,"column":5}},"line":16}},"branchMap":{},"s":{"0":2,"1":2,"2":2,"3":2,"4":2,"5":2,"6":0},"f":{"0":2,"1":0},"b":{},"_coverageSchema":"1a1c01bbd47fc00a2c39e90264f33305004495a9","hash":"2d5fb3fbb8bf079e3cfa34bfb584d7ced4d24974"}
,"C:\\Users\\Neeraj\\Desktop\\Node_Course_Mosh_Udemy\\renteos\\startup\\routes.js": {"path":"C:\\Users\\Neeraj\\Desktop\\Node_Course_Mosh_Udemy\\renteos\\startup\\routes.js","statementMap":{"0":{"start":{"line":1,"column":16},"end":{"line":1,"column":34}},"1":{"start":{"line":2,"column":13},"end":{"line":2,"column":40}},"2":{"start":{"line":3,"column":16},"end":{"line":3,"column":46}},"3":{"start":{"line":4,"column":15},"end":{"line":4,"column":42}},"4":{"start":{"line":5,"column":16},"end":{"line":5,"column":44}},"5":{"start":{"line":6,"column":14},"end":{"line":6,"column":40}},"6":{"start":{"line":7,"column":13},"end":{"line":7,"column":38}},"7":{"start":{"line":8,"column":14},"end":{"line":8,"column":44}},"8":{"start":{"line":10,"column":0},"end":{"line":20,"column":1}},"9":{"start":{"line":11,"column":4},"end":{"line":11,"column":28}},"10":{"start":{"line":12,"column":4},"end":{"line":12,"column":52}},"11":{"start":{"line":13,"column":4},"end":{"line":13,"column":35}},"12":{"start":{"line":14,"column":4},"end":{"line":14,"column":41}},"13":{"start":{"line":15,"column":4},"end":{"line":15,"column":35}},"14":{"start":{"line":16,"column":4},"end":{"line":16,"column":37}},"15":{"start":{"line":17,"column":4},"end":{"line":17,"column":33}},"16":{"start":{"line":18,"column":4},"end":{"line":18,"column":31}},"17":{"start":{"line":19,"column":4},"end":{"line":19,"column":19}}},"fnMap":{"0":{"name":"(anonymous_0)","decl":{"start":{"line":10,"column":17},"end":{"line":10,"column":18}},"loc":{"start":{"line":10,"column":30},"end":{"line":20,"column":1}},"line":10}},"branchMap":{},"s":{"0":2,"1":2,"2":2,"3":2,"4":2,"5":2,"6":2,"7":2,"8":2,"9":2,"10":2,"11":2,"12":2,"13":2,"14":2,"15":2,"16":2,"17":2},"f":{"0":2},"b":{},"_coverageSchema":"1a1c01bbd47fc00a2c39e90264f33305004495a9","hash":"bff5a631d183c18bd3a6871f3b92b6c65b4ff0e6"}
,"C:\\Users\\Neeraj\\Desktop\\Node_Course_Mosh_Udemy\\renteos\\startup\\validation.js": {"path":"C:\\Users\\Neeraj\\Desktop\\Node_Course_Mosh_Udemy\\renteos\\startup\\validation.js","statementMap":{"0":{"start":{"line":1,"column":12},"end":{"line":1,"column":26}},"1":{"start":{"line":2,"column":0},"end":{"line":4,"column":1}},"2":{"start":{"line":3,"column":4},"end":{"line":3,"column":46}}},"fnMap":{"0":{"name":"(anonymous_0)","decl":{"start":{"line":2,"column":17},"end":{"line":2,"column":18}},"loc":{"start":{"line":2,"column":27},"end":{"line":4,"column":1}},"line":2}},"branchMap":{},"s":{"0":2,"1":2,"2":2},"f":{"0":2},"b":{},"_coverageSchema":"1a1c01bbd47fc00a2c39e90264f33305004495a9","hash":"bd82e1a3866b3279a0997488854df3441b79815e"}
}
